<?xml version="1.0" encoding="UTF-8"?>
<testng-results ignored="0" total="2" passed="2" failed="0" skipped="0">
  <reporter-output>
    <line>
      <![CDATA[test1 is complete]]>
    </line>
    <line>
      <![CDATA[<br><img src='C:\Users\HP\git\Manmath_Demo\Screenshot\Test1.png' height='400' width='400'/><br>]]>
    </line>
    <line>
      <![CDATA[test2 is complete]]>
    </line>
    <line>
      <![CDATA[<br><img src='C:\Users\HP\git\Manmath_Demo\Screenshot\Test2.png' height='400' width='400'/><br>]]>
    </line>
  </reporter-output>
  <suite started-at="2022-07-07T10:05:17Z" name="Suite" finished-at="2022-07-07T10:06:57Z" duration-ms="99789">
    <groups>
    </groups>
    <test started-at="2022-07-07T10:05:17Z" name="demo" finished-at="2022-07-07T10:06:57Z" duration-ms="99789">
      <class name="BasePack.BaseClass">
        <test-method is-config="true" signature="setUp()[pri:0, instance:BasePack.BaseClass@4eaf3684]" started-at="2022-07-07T10:05:17Z" name="setUp" finished-at="2022-07-07T10:06:52Z" duration-ms="95423" status="PASS">
          <reporter-output>
          </reporter-output>
        </test-method> <!-- setUp -->
        <test-method signature="Test1()[pri:0, instance:BasePack.BaseClass@4eaf3684]" started-at="2022-07-07T10:06:52Z" name="Test1" finished-at="2022-07-07T10:06:52Z" duration-ms="54" status="PASS">
          <reporter-output>
            <line>
              <![CDATA[test1 is complete]]>
            </line>
            <line>
              <![CDATA[<br><img src='C:\Users\HP\git\Manmath_Demo\Screenshot\Test1.png' height='400' width='400'/><br>]]>
            </line>
          </reporter-output>
        </test-method> <!-- Test1 -->
        <test-method signature="Test2()[pri:0, instance:BasePack.BaseClass@4eaf3684]" started-at="2022-07-07T10:06:54Z" name="Test2" finished-at="2022-07-07T10:06:54Z" duration-ms="5" status="PASS">
          <reporter-output>
            <line>
              <![CDATA[test2 is complete]]>
            </line>
            <line>
              <![CDATA[<br><img src='C:\Users\HP\git\Manmath_Demo\Screenshot\Test2.png' height='400' width='400'/><br>]]>
            </line>
          </reporter-output>
        </test-method> <!-- Test2 -->
        <test-method is-config="true" signature="tearDown()[pri:0, instance:BasePack.BaseClass@4eaf3684]" started-at="2022-07-07T10:06:54Z" name="tearDown" finished-at="2022-07-07T10:06:57Z" duration-ms="2215" status="PASS">
          <reporter-output>
          </reporter-output>
        </test-method> <!-- tearDown -->
      </class> <!-- BasePack.BaseClass -->
    </test> <!-- demo -->
  </suite> <!-- Suite -->
</testng-results>
